<?xml version="1.0" encoding="UTF-8"?>
<!-- Generated by org.testng.reporters.JUnitReportReporter -->
<testsuite hostname="LAPTOP-VR41UNEO" failures="0" tests="1" name="com.az.Test.SylobAddDonneeTechnique" time="11.497" errors="0" timestamp="2022-08-25T22:06:01 CEST" skipped="0">
  <testcase classname="com.az.Test.SylobAddDonneeTechnique" name="TC001_loginToSylob" time="11.497"/>
  <system-out>
    <![CDATA[Login to application with LOGIN mngr433095 and PASSWORD rArYsar]]>
  </system-out>
</testsuite> <!-- com.az.Test.SylobAddDonneeTechnique -->
