<?xml version="1.0" encoding="UTF-8"?>
<!-- Generated by org.testng.reporters.JUnitReportReporter -->
<testsuite hostname="LAPTOP-VR41UNEO" failures="0" tests="1" name="com.az.Test.VerifyLoginSection" time="29.754" errors="0" timestamp="26 aoÃ»t 2022 17:48:52 GMT" skipped="0">
  <testcase classname="com.az.Test.VerifyLoginSection" name="verifyloginSection" time="29.754"/>
</testsuite> <!-- com.az.Test.VerifyLoginSection -->
