<?xml version="1.0" encoding="UTF-8"?>
<!-- Generated by org.testng.reporters.JUnitReportReporter -->
<testsuite hostname="LAPTOP-VR41UNEO" failures="0" tests="1" name="com.az.Test.VerifyLoginSection" time="12.538" errors="0" timestamp="29 aoÃ»t 2022 23:52:54 GMT" skipped="0">
  <testcase classname="com.az.Test.VerifyLoginSection" name="verifyloginSection" time="12.538"/>
</testsuite> <!-- com.az.Test.VerifyLoginSection -->
